heap profile: 4: 5216 [4: 5216] @ heap/1048576
1: 4096 [1: 4096] @ 0x783f08 0x784795 0x784b0d 0x7849e1 0x78514d 0x8b16fa 0x891653 0x85252a 0x7bd4d8 0x751048 0x627a1d 0x4dc46c 0x40111d 0x42d68f 0x45ec51
1: 640 [1: 640] @ 0x7c1f1f 0x7bf7c5 0x7c06a7 0x7c0ff9 0x7c043b 0x7bf43f 0x784ae7 0x7849e1 0x78514d 0x8b16fa 0x891653 0x85252a 0x7bd4d8 0x751048 0x627a1d 0x4dc46c 0x40111d 0x42d68f 0x45ec51
1: 320 [1: 320] @ 0x7c1f1f 0x7bfa4a 0x7c07e6 0x7c03f2 0x7c0751 0x7c043b 0x7c0ff9 0x7c043b 0x7bf43f 0x784ae7 0x7849e1 0x78514d 0x8b1aff 0x891653 0x85252a 0x7bd4d8 0x751048 0x627a1d 0x4dc46c 0x40111d 0x42d68f 0x45ec51
1: 160 [1: 160] @ 0x6e6bb1 0x6e70d3 0x61fd63 0x4dc462 0x40111d 0x42d68f 0x45ec51

# runtime.MemStats
# Alloc = 1077560
# TotalAlloc = 1077560
# Sys = 5605624
# Lookups = 6
# Mallocs = 8746
# Frees = 438
# HeapAlloc = 1077560
# HeapSys = 2785280
# HeapIdle = 1007616
# HeapInuse = 1777664
# HeapReleased = 0
# HeapObjects = 8308
# Stack = 360448 / 360448
# MSpan = 27520 / 32768
# MCache = 4800 / 16384
# BuckHashSys = 1443862
# NextGC = 4194304
# PauseNs = [0 0 0 0 0 0 0 0 0 0 0 0 0 0 0 0 0 0 0 0 0 0 0 0 0 0 0 0 0 0 0 0 0 0 0 0 0 0 0 0 0 0 0 0 0 0 0 0 0 0 0 0 0 0 0 0 0 0 0 0 0 0 0 0 0 0 0 0 0 0 0 0 0 0 0 0 0 0 0 0 0 0 0 0 0 0 0 0 0 0 0 0 0 0 0 0 0 0 0 0 0 0 0 0 0 0 0 0 0 0 0 0 0 0 0 0 0 0 0 0 0 0 0 0 0 0 0 0 0 0 0 0 0 0 0 0 0 0 0 0 0 0 0 0 0 0 0 0 0 0 0 0 0 0 0 0 0 0 0 0 0 0 0 0 0 0 0 0 0 0 0 0 0 0 0 0 0 0 0 0 0 0 0 0 0 0 0 0 0 0 0 0 0 0 0 0 0 0 0 0 0 0 0 0 0 0 0 0 0 0 0 0 0 0 0 0 0 0 0 0 0 0 0 0 0 0 0 0 0 0 0 0 0 0 0 0 0 0 0 0 0 0 0 0 0 0 0 0 0 0 0 0 0 0 0 0]
# NumGC = 0
# DebugGC = false
